#
# There is insufficient memory for the Java Runtime Environment to continue.
# Native memory allocation (malloc) failed to allocate 1925968 bytes for Chunk::new
# Possible reasons:
#   The system is out of physical RAM or swap space
#   The process is running with CompressedOops enabled, and the Java Heap may be blocking the growth of the native heap
# Possible solutions:
#   Reduce memory load on the system
#   Increase physical memory or swap space
#   Check if swap backing store is full
#   Decrease Java heap size (-Xmx/-Xms)
#   Decrease number of Java threads
#   Decrease Java thread stack sizes (-Xss)
#   Set larger code cache with -XX:ReservedCodeCacheSize=
#   JVM is running with Unscaled Compressed Oops mode in which the Java heap is
#     placed in the first 4GB address space. The Java Heap base address is the
#     maximum limit for the native heap growth. Please use -XX:HeapBaseMinAddress
#     to set the Java Heap base and to place the Java Heap above 4GB virtual address.
# This output file may be truncated or incomplete.
#
#  Out of Memory Error (./open/src/hotspot/share/memory/arena.cpp:195), pid=8168, tid=11944
#
# JRE version: Java(TM) SE Runtime Environment (15.0.1+9) (build 15.0.1+9-18)
# Java VM: Java HotSpot(TM) 64-Bit Server VM (15.0.1+9-18, mixed mode, sharing, tiered, compressed oops, g1 gc, windows-amd64)
# No core dump will be written. Minidumps are not enabled by default on client versions of Windows
#

---------------  S U M M A R Y ------------

Command Line: -XX:MaxMetaspaceSize=512m --add-opens=java.base/java.util=ALL-UNNAMED --add-opens=java.base/java.lang=ALL-UNNAMED --add-opens=java.base/java.lang.invoke=ALL-UNNAMED --add-opens=java.base/java.util=ALL-UNNAMED --add-opens=java.prefs/java.util.prefs=ALL-UNNAMED --add-opens=java.prefs/java.util.prefs=ALL-UNNAMED --add-opens=java.base/java.nio.charset=ALL-UNNAMED --add-opens=java.base/java.net=ALL-UNNAMED --add-opens=java.base/java.util.concurrent.atomic=ALL-UNNAMED -Xmx2048m -Dfile.encoding=windows-1252 -Duser.country=US -Duser.language=en -Duser.variant org.gradle.launcher.daemon.bootstrap.GradleDaemon 7.5.1

Host: Intel(R) Core(TM) i5-8350U CPU @ 1.70GHz, 8 cores, 7G,  Windows 10 , 64 bit Build 22621 (10.0.22621.1194)
Time: Thu Mar  2 11:08:28 2023 Pakistan Standard Time elapsed time: 27.844569 seconds (0d 0h 0m 27s)

---------------  T H R E A D  ---------------

Current thread (0x00000234e2b77170):  JavaThread "C2 CompilerThread2" daemon [_thread_in_native, id=11944, stack(0x0000008c13600000,0x0000008c13700000)]


Current CompileTask:
C2:  27844 5569   !   4       java.net.URLClassLoader::findClass (47 bytes)

Stack: [0x0000008c13600000,0x0000008c13700000]
Native frames: (J=compiled Java code, j=interpreted, Vv=VM code, C=native code)
V  [jvm.dll+0x62ae9a]
V  [jvm.dll+0x781389]
V  [jvm.dll+0x782ae3]
V  [jvm.dll+0x783143]
V  [jvm.dll+0x216265]
V  [jvm.dll+0x97efa]
V  [jvm.dll+0x985dc]
V  [jvm.dll+0x32e525]
V  [jvm.dll+0x18e0ea]
V  [jvm.dll+0x1ea762]
V  [jvm.dll+0x1e98ae]
V  [jvm.dll+0x1784c7]
V  [jvm.dll+0x1f9165]
V  [jvm.dll+0x1f720c]
V  [jvm.dll+0x74485d]
V  [jvm.dll+0x73d65a]
V  [jvm.dll+0x629c56]
C  [ucrtbase.dll+0x29363]
C  [KERNEL32.DLL+0x126bd]
C  [ntdll.dll+0x5dfb8]


---------------  P R O C E S S  ---------------

Threads class SMR info:
_java_thread_list=0x00000234e289caa0, length=80, elements={
0x00000234bed972e0, 0x00000234dd90c9b0, 0x00000234dd90f4a0, 0x00000234dd92c770,
0x00000234dd931050, 0x00000234dd933920, 0x00000234dd9345c0, 0x00000234dd934f70,
0x00000234dd936880, 0x00000234de383a40, 0x00000234de3a8590, 0x00000234dfa3f5d0,
0x00000234dd984550, 0x00000234e06dda50, 0x00000234de31a060, 0x00000234e06d8ed0,
0x00000234e0328a20, 0x00000234e0328080, 0x00000234e0325530, 0x00000234e0325a00,
0x00000234e03263a0, 0x00000234e0326d40, 0x00000234e0325060, 0x00000234e0328550,
0x00000234dfbd3a00, 0x00000234dfbd9570, 0x00000234dfbd6080, 0x00000234dfbd9a40,
0x00000234dfbd3ed0, 0x00000234dfbd6a20, 0x00000234dfbd3530, 0x00000234dfbd5210,
0x00000234dfbd6550, 0x00000234dfbd73c0, 0x00000234e3b3f7c0, 0x00000234e3b43b20,
0x00000234e3b3e950, 0x00000234e35f94b0, 0x00000234e2b77170, 0x00000234e3b40630,
0x00000234e3b43650, 0x00000234e3b44990, 0x00000234e3b40160, 0x00000234e3b44e60,
0x00000234e3b444c0, 0x00000234e3b45800, 0x00000234e3b3ee20, 0x00000234e3b3f2f0,
0x00000234e3b3fc90, 0x00000234e3b41e40, 0x00000234e3b40b00, 0x00000234e3b414a0,
0x00000234e3b41970, 0x00000234de817420, 0x00000234de81a440, 0x00000234de81c120,
0x00000234de81bc50, 0x00000234de81b780, 0x00000234de819100, 0x00000234de8178f0,
0x00000234de8148d0, 0x00000234de815740, 0x00000234de817dc0, 0x00000234de81a910,
0x00000234de814da0, 0x00000234de816f50, 0x00000234de819aa0, 0x00000234de818290,
0x00000234de815270, 0x00000234de818760, 0x00000234de8195d0, 0x00000234de819f70,
0x00000234de815c10, 0x00000234de81ade0, 0x00000234de8160e0, 0x00000234de8165b0,
0x00000234de816a80, 0x00000234de818c30, 0x00000234e26e8fe0, 0x00000234e26e77d0
}

Java Threads: ( => current thread )
  0x00000234bed972e0 JavaThread "main" [_thread_blocked, id=1404, stack(0x0000008c10100000,0x0000008c10200000)]
  0x00000234dd90c9b0 JavaThread "Reference Handler" daemon [_thread_blocked, id=3724, stack(0x0000008c10800000,0x0000008c10900000)]
  0x00000234dd90f4a0 JavaThread "Finalizer" daemon [_thread_blocked, id=11556, stack(0x0000008c10900000,0x0000008c10a00000)]
  0x00000234dd92c770 JavaThread "Signal Dispatcher" daemon [_thread_blocked, id=6364, stack(0x0000008c10a00000,0x0000008c10b00000)]
  0x00000234dd931050 JavaThread "Attach Listener" daemon [_thread_blocked, id=5656, stack(0x0000008c10b00000,0x0000008c10c00000)]
  0x00000234dd933920 JavaThread "Service Thread" daemon [_thread_blocked, id=9364, stack(0x0000008c10c00000,0x0000008c10d00000)]
  0x00000234dd9345c0 JavaThread "C2 CompilerThread0" daemon [_thread_in_native, id=14412, stack(0x0000008c10d00000,0x0000008c10e00000)]
  0x00000234dd934f70 JavaThread "C1 CompilerThread0" daemon [_thread_blocked, id=17488, stack(0x0000008c10e00000,0x0000008c10f00000)]
  0x00000234dd936880 JavaThread "Sweeper thread" daemon [_thread_blocked, id=16168, stack(0x0000008c10f00000,0x0000008c11000000)]
  0x00000234de383a40 JavaThread "Common-Cleaner" daemon [_thread_blocked, id=13580, stack(0x0000008c11000000,0x0000008c11100000)]
  0x00000234de3a8590 JavaThread "Notification Thread" daemon [_thread_blocked, id=14720, stack(0x0000008c11100000,0x0000008c11200000)]
  0x00000234dfa3f5d0 JavaThread "Daemon health stats" [_thread_blocked, id=2804, stack(0x0000008c11600000,0x0000008c11700000)]
  0x00000234dd984550 JavaThread "Incoming local TCP Connector on port 51719" [_thread_in_native, id=15312, stack(0x0000008c11700000,0x0000008c11800000)]
  0x00000234e06dda50 JavaThread "Daemon periodic checks" [_thread_blocked, id=18276, stack(0x0000008c11800000,0x0000008c11900000)]
  0x00000234de31a060 JavaThread "Daemon" [_thread_blocked, id=3480, stack(0x0000008c11900000,0x0000008c11a00000)]
  0x00000234e06d8ed0 JavaThread "Handler for socket connection from /127.0.0.1:51719 to /127.0.0.1:51720" [_thread_in_native, id=17296, stack(0x0000008c11a00000,0x0000008c11b00000)]
  0x00000234e0328a20 JavaThread "Cancel handler" [_thread_blocked, id=1556, stack(0x0000008c11300000,0x0000008c11400000)]
  0x00000234e0328080 JavaThread "Daemon worker" [_thread_in_vm, id=724, stack(0x0000008c11b00000,0x0000008c11c00000)]
  0x00000234e0325530 JavaThread "Asynchronous log dispatcher for DefaultDaemonConnection: socket connection from /127.0.0.1:51719 to /127.0.0.1:51720" [_thread_blocked, id=2432, stack(0x0000008c11c00000,0x0000008c11d00000)]
  0x00000234e0325a00 JavaThread "Stdin handler" [_thread_blocked, id=6948, stack(0x0000008c11d00000,0x0000008c11e00000)]
  0x00000234e03263a0 JavaThread "Daemon client event forwarder" [_thread_blocked, id=4996, stack(0x0000008c11e00000,0x0000008c11f00000)]
  0x00000234e0326d40 JavaThread "Cache worker for journal cache (C:\Users\TECH MEHAL\.gradle\caches\journal-1)" [_thread_blocked, id=8036, stack(0x0000008c11f00000,0x0000008c12000000)]
  0x00000234e0325060 JavaThread "File lock request listener" [_thread_in_native, id=9000, stack(0x0000008c12000000,0x0000008c12100000)]
  0x00000234e0328550 JavaThread "Cache worker for file hash cache (C:\Users\TECH MEHAL\.gradle\caches\7.5.1\fileHashes)" [_thread_blocked, id=9256, stack(0x0000008c12100000,0x0000008c12200000)]
  0x00000234dfbd3a00 JavaThread "File watcher server" daemon [_thread_in_native, id=16236, stack(0x0000008c12200000,0x0000008c12300000)]
  0x00000234dfbd9570 JavaThread "File watcher consumer" daemon [_thread_blocked, id=6724, stack(0x0000008c12800000,0x0000008c12900000)]
  0x00000234dfbd6080 JavaThread "Cache worker for checksums cache (D:\React Native Startup\food_app\android\.gradle\7.5.1\checksums)" [_thread_blocked, id=5680, stack(0x0000008c12900000,0x0000008c12a00000)]
  0x00000234dfbd9a40 JavaThread "Cache worker for cache directory md-rule (C:\Users\TECH MEHAL\.gradle\caches\7.5.1\md-rule)" [_thread_blocked, id=10364, stack(0x0000008c12a00000,0x0000008c12b00000)]
  0x00000234dfbd3ed0 JavaThread "Cache worker for file content cache (C:\Users\TECH MEHAL\.gradle\caches\7.5.1\fileContent)" [_thread_blocked, id=16336, stack(0x0000008c12b00000,0x0000008c12c00000)]
  0x00000234dfbd6a20 JavaThread "Cache worker for file hash cache (D:\React Native Startup\food_app\android\.gradle\7.5.1\fileHashes)" [_thread_blocked, id=11412, stack(0x0000008c12d00000,0x0000008c12e00000)]
  0x00000234dfbd3530 JavaThread "Cache worker for cache directory md-supplier (C:\Users\TECH MEHAL\.gradle\caches\7.5.1\md-supplier)" [_thread_blocked, id=7824, stack(0x0000008c12f00000,0x0000008c13000000)]
  0x00000234dfbd5210 JavaThread "Cache worker for execution history cache (C:\Users\TECH MEHAL\.gradle\caches\7.5.1\executionHistory)" [_thread_blocked, id=11316, stack(0x0000008c13000000,0x0000008c13100000)]
  0x00000234dfbd6550 JavaThread "jar transforms" [_thread_blocked, id=11280, stack(0x0000008c13100000,0x0000008c13200000)]
  0x00000234dfbd73c0 JavaThread "jar transforms Thread 2" [_thread_blocked, id=3880, stack(0x0000008c13200000,0x0000008c13300000)]
  0x00000234e3b3f7c0 JavaThread "jar transforms Thread 3" [_thread_blocked, id=620, stack(0x0000008c13300000,0x0000008c13400000)]
  0x00000234e3b43b20 JavaThread "jar transforms Thread 4" [_thread_blocked, id=5684, stack(0x0000008c13400000,0x0000008c13500000)]
  0x00000234e3b3e950 JavaThread "Cache worker for kotlin-dsl (C:\Users\TECH MEHAL\.gradle\caches\7.5.1\kotlin-dsl)" [_thread_blocked, id=5500, stack(0x0000008c12e00000,0x0000008c12f00000)]
  0x00000234e35f94b0 JavaThread "C2 CompilerThread1" daemon [_thread_in_native, id=18272, stack(0x0000008c13500000,0x0000008c13600000)]
=>0x00000234e2b77170 JavaThread "C2 CompilerThread2" daemon [_thread_in_native, id=11944, stack(0x0000008c13600000,0x0000008c13700000)]
  0x00000234e3b40630 JavaThread "jar transforms Thread 5" [_thread_blocked, id=15592, stack(0x0000008c13700000,0x0000008c13800000)]
  0x00000234e3b43650 JavaThread "jar transforms Thread 6" [_thread_blocked, id=8340, stack(0x0000008c13800000,0x0000008c13900000)]
  0x00000234e3b44990 JavaThread "Cache worker for dependencies-accessors (D:\React Native Startup\food_app\android\.gradle\7.5.1\dependencies-accessors)" [_thread_blocked, id=15428, stack(0x0000008c13900000,0x0000008c13a00000)]
  0x00000234e3b40160 JavaThread "Cache worker for Build Output Cleanup Cache (D:\React Native Startup\food_app\node_modules\react-native-gradle-plugin\.gradle\buildOutputCleanup)" [_thread_blocked, id=16936, stack(0x0000008c13a00000,0x0000008c13b00000)]
  0x00000234e3b44e60 JavaThread "jar transforms Thread 7" [_thread_blocked, id=17616, stack(0x0000008c13b00000,0x0000008c13c00000)]
  0x00000234e3b444c0 JavaThread "Unconstrained build operations" [_thread_blocked, id=15044, stack(0x0000008c13c00000,0x0000008c13d00000)]
  0x00000234e3b45800 JavaThread "Unconstrained build operations Thread 2" [_thread_blocked, id=13100, stack(0x0000008c13d00000,0x0000008c13e00000)]
  0x00000234e3b3ee20 JavaThread "Unconstrained build operations Thread 3" [_thread_blocked, id=8388, stack(0x0000008c13e00000,0x0000008c13f00000)]
  0x00000234e3b3f2f0 JavaThread "Unconstrained build operations Thread 4" [_thread_blocked, id=12572, stack(0x0000008c13f00000,0x0000008c14000000)]
  0x00000234e3b3fc90 JavaThread "Unconstrained build operations Thread 5" [_thread_blocked, id=14220, stack(0x0000008c14000000,0x0000008c14100000)]
  0x00000234e3b41e40 JavaThread "Unconstrained build operations Thread 6" [_thread_blocked, id=8976, stack(0x0000008c14100000,0x0000008c14200000)]
  0x00000234e3b40b00 JavaThread "Unconstrained build operations Thread 7" [_thread_blocked, id=10892, stack(0x0000008c14200000,0x0000008c14300000)]
  0x00000234e3b414a0 JavaThread "Unconstrained build operations Thread 8" [_thread_blocked, id=12048, stack(0x0000008c14300000,0x0000008c14400000)]
  0x00000234e3b41970 JavaThread "Unconstrained build operations Thread 9" [_thread_blocked, id=10288, stack(0x0000008c14400000,0x0000008c14500000)]
  0x00000234de817420 JavaThread "Unconstrained build operations Thread 10" [_thread_blocked, id=8660, stack(0x0000008c14500000,0x0000008c14600000)]
  0x00000234de81a440 JavaThread "Unconstrained build operations Thread 11" [_thread_blocked, id=11456, stack(0x0000008c14600000,0x0000008c14700000)]
  0x00000234de81c120 JavaThread "Unconstrained build operations Thread 12" [_thread_blocked, id=1056, stack(0x0000008c14700000,0x0000008c14800000)]
  0x00000234de81bc50 JavaThread "Unconstrained build operations Thread 13" [_thread_blocked, id=9316, stack(0x0000008c14800000,0x0000008c14900000)]
  0x00000234de81b780 JavaThread "Unconstrained build operations Thread 14" [_thread_blocked, id=14968, stack(0x0000008c14900000,0x0000008c14a00000)]
  0x00000234de819100 JavaThread "Unconstrained build operations Thread 15" [_thread_blocked, id=13720, stack(0x0000008c14a00000,0x0000008c14b00000)]
  0x00000234de8178f0 JavaThread "Unconstrained build operations Thread 16" [_thread_blocked, id=10616, stack(0x0000008c14b00000,0x0000008c14c00000)]
  0x00000234de8148d0 JavaThread "Unconstrained build operations Thread 17" [_thread_blocked, id=10840, stack(0x0000008c14c00000,0x0000008c14d00000)]
  0x00000234de815740 JavaThread "Unconstrained build operations Thread 18" [_thread_blocked, id=11924, stack(0x0000008c14d00000,0x0000008c14e00000)]
  0x00000234de817dc0 JavaThread "Unconstrained build operations Thread 19" [_thread_blocked, id=17052, stack(0x0000008c14e00000,0x0000008c14f00000)]
  0x00000234de81a910 JavaThread "Unconstrained build operations Thread 20" [_thread_blocked, id=13872, stack(0x0000008c14f00000,0x0000008c15000000)]
  0x00000234de814da0 JavaThread "Unconstrained build operations Thread 21" [_thread_blocked, id=11468, stack(0x0000008c15000000,0x0000008c15100000)]
  0x00000234de816f50 JavaThread "Unconstrained build operations Thread 22" [_thread_blocked, id=14992, stack(0x0000008c15100000,0x0000008c15200000)]
  0x00000234de819aa0 JavaThread "Unconstrained build operations Thread 23" [_thread_blocked, id=17148, stack(0x0000008c15200000,0x0000008c15300000)]
  0x00000234de818290 JavaThread "Unconstrained build operations Thread 24" [_thread_blocked, id=11268, stack(0x0000008c15300000,0x0000008c15400000)]
  0x00000234de815270 JavaThread "Unconstrained build operations Thread 25" [_thread_blocked, id=14160, stack(0x0000008c15400000,0x0000008c15500000)]
  0x00000234de818760 JavaThread "Unconstrained build operations Thread 26" [_thread_blocked, id=15708, stack(0x0000008c15500000,0x0000008c15600000)]
  0x00000234de8195d0 JavaThread "Unconstrained build operations Thread 27" [_thread_blocked, id=10356, stack(0x0000008c15600000,0x0000008c15700000)]
  0x00000234de819f70 JavaThread "Unconstrained build operations Thread 28" [_thread_blocked, id=4868, stack(0x0000008c15700000,0x0000008c15800000)]
  0x00000234de815c10 JavaThread "Unconstrained build operations Thread 29" [_thread_blocked, id=6340, stack(0x0000008c15800000,0x0000008c15900000)]
  0x00000234de81ade0 JavaThread "Unconstrained build operations Thread 30" [_thread_blocked, id=6552, stack(0x0000008c15900000,0x0000008c15a00000)]
  0x00000234de8160e0 JavaThread "Unconstrained build operations Thread 31" [_thread_blocked, id=9868, stack(0x0000008c15a00000,0x0000008c15b00000)]
  0x00000234de8165b0 JavaThread "Unconstrained build operations Thread 32" [_thread_blocked, id=8288, stack(0x0000008c15b00000,0x0000008c15c00000)]
  0x00000234de816a80 JavaThread "Unconstrained build operations Thread 33" [_thread_blocked, id=14884, stack(0x0000008c15c00000,0x0000008c15d00000)]
  0x00000234de818c30 JavaThread "jar transforms Thread 8" [_thread_blocked, id=13556, stack(0x0000008c15d00000,0x0000008c15e00000)]
  0x00000234e26e8fe0 JavaThread "build event listener" [_thread_blocked, id=8252, stack(0x0000008c15e00000,0x0000008c15f00000)]
  0x00000234e26e77d0 JavaThread "Memory manager" [_thread_blocked, id=14472, stack(0x0000008c15f00000,0x0000008c16000000)]

Other Threads:
  0x00000234dd90ba90 VMThread "VM Thread" [stack: 0x0000008c10700000,0x0000008c10800000] [id=11568]
  0x00000234de3ace70 WatcherThread [stack: 0x0000008c11200000,0x0000008c11300000] [id=8752]
  0x00000234bedd3760 GCTaskThread "GC Thread#0" [stack: 0x0000008c10200000,0x0000008c10300000] [id=3640]
  0x00000234de381710 GCTaskThread "GC Thread#1" [stack: 0x0000008c11400000,0x0000008c11500000] [id=10964]
  0x00000234de37fa60 GCTaskThread "GC Thread#2" [stack: 0x0000008c11500000,0x0000008c11600000] [id=10192]
  0x00000234de37f0d0 GCTaskThread "GC Thread#3" [stack: 0x0000008c12300000,0x0000008c12400000] [id=17100]
  0x00000234de37f400 GCTaskThread "GC Thread#4" [stack: 0x0000008c12400000,0x0000008c12500000] [id=16296]
  0x00000234de380a50 GCTaskThread "GC Thread#5" [stack: 0x0000008c12500000,0x0000008c12600000] [id=15892]
  0x00000234de3813e0 GCTaskThread "GC Thread#6" [stack: 0x0000008c12600000,0x0000008c12700000] [id=5844]
  0x00000234de381a40 GCTaskThread "GC Thread#7" [stack: 0x0000008c12700000,0x0000008c12800000] [id=3872]
  0x00000234bede4500 ConcurrentGCThread "G1 Main Marker" [stack: 0x0000008c10300000,0x0000008c10400000] [id=17372]
  0x00000234bede7d60 ConcurrentGCThread "G1 Conc#0" [stack: 0x0000008c10400000,0x0000008c10500000] [id=16924]
  0x00000234e06b09b0 ConcurrentGCThread "G1 Conc#1" [stack: 0x0000008c12c00000,0x0000008c12d00000] [id=16760]
  0x00000234dd7a20a0 ConcurrentGCThread "G1 Refine#0" [stack: 0x0000008c10500000,0x0000008c10600000] [id=14416]
  0x00000234dd7a28f0 ConcurrentGCThread "G1 Young RemSet Sampling" [stack: 0x0000008c10600000,0x0000008c10700000] [id=11432]

Threads with active compile tasks:
C2 CompilerThread0    27905 5587       4       java.net.URLClassLoader$1::run (5 bytes)
C2 CompilerThread1    27905 5588   !   4       java.net.URLClassLoader$1::run (63 bytes)
C2 CompilerThread2    27905 5569   !   4       java.net.URLClassLoader::findClass (47 bytes)

VM state: not at safepoint (normal execution)

VM Mutex/Monitor currently owned by a thread: None

Heap address: 0x0000000080000000, size: 2048 MB, Compressed Oops mode: 32-bit
CDS archive(s) mapped at: [0x0000000800000000-0x0000000800b50000-0x0000000800b50000), size 11862016, SharedBaseAddress: 0x0000000800000000, ArchiveRelocationMode: 0.
Compressed class space mapped at: 0x0000000800b50000-0x0000000820350000, size: 528482304
Narrow klass base: 0x0000000800000000, Narrow klass shift: 3, Narrow klass range: 0x100000000

GC Precious Log:
 CPUs: 8 total, 8 available
 Memory: 8035M
 Large Page Support: Disabled
 NUMA Support: Disabled
 Compressed Oops: Enabled (32-bit)
 Heap Region Size: 1M
 Heap Min Capacity: 8M
 Heap Initial Capacity: 126M
 Heap Max Capacity: 2G
 Pre-touch: Disabled
 Parallel Workers: 8
 Concurrent Workers: 2
 Concurrent Refinement Workers: 8
 Periodic GC: Disabled

Heap:
 garbage-first heap   total 76800K, used 59040K [0x0000000080000000, 0x0000000100000000)
  region size 1024K, 19 young (19456K), 2 survivors (2048K)
 Metaspace       used 50313K, capacity 51126K, committed 51376K, reserved 561152K
  class space    used 6852K, capacity 7146K, committed 7168K, reserved 516096K

Heap Regions: E=young(eden), S=young(survivor), O=old, HS=humongous(starts), HC=humongous(continues), CS=collection set, F=free, OA=open archive, CA=closed archive, TAMS=top-at-mark-start (previous, next)
|   0|0x0000000080000000, 0x0000000080100000, 0x0000000080100000|100%| O|  |TAMS 0x0000000080100000, 0x0000000080000000| Untracked 
|   1|0x0000000080100000, 0x0000000080200000, 0x0000000080200000|100%| O|  |TAMS 0x0000000080200000, 0x0000000080100000| Untracked 
|   2|0x0000000080200000, 0x0000000080300000, 0x0000000080300000|100%| O|  |TAMS 0x0000000080300000, 0x0000000080200000| Untracked 
|   3|0x0000000080300000, 0x0000000080400000, 0x0000000080400000|100%|HS|  |TAMS 0x0000000080400000, 0x0000000080300000| Complete 
|   4|0x0000000080400000, 0x0000000080500000, 0x0000000080500000|100%|HC|  |TAMS 0x0000000080500000, 0x0000000080400000| Complete 
|   5|0x0000000080500000, 0x0000000080600000, 0x0000000080600000|100%|HC|  |TAMS 0x0000000080600000, 0x0000000080500000| Complete 
|   6|0x0000000080600000, 0x0000000080700000, 0x0000000080700000|100%| O|  |TAMS 0x0000000080700000, 0x0000000080600000| Untracked 
|   7|0x0000000080700000, 0x0000000080800000, 0x0000000080800000|100%| O|  |TAMS 0x0000000080800000, 0x0000000080700000| Untracked 
|   8|0x0000000080800000, 0x0000000080900000, 0x0000000080900000|100%| O|  |TAMS 0x0000000080900000, 0x0000000080800000| Untracked 
|   9|0x0000000080900000, 0x0000000080a00000, 0x0000000080a00000|100%| O|  |TAMS 0x0000000080a00000, 0x0000000080900000| Untracked 
|  10|0x0000000080a00000, 0x0000000080b00000, 0x0000000080b00000|100%| O|  |TAMS 0x0000000080b00000, 0x0000000080a00000| Untracked 
|  11|0x0000000080b00000, 0x0000000080c00000, 0x0000000080c00000|100%| O|  |TAMS 0x0000000080c00000, 0x0000000080b00000| Untracked 
|  12|0x0000000080c00000, 0x0000000080d00000, 0x0000000080d00000|100%| O|  |TAMS 0x0000000080d00000, 0x0000000080c00000| Untracked 
|  13|0x0000000080d00000, 0x0000000080e00000, 0x0000000080e00000|100%| O|  |TAMS 0x0000000080e00000, 0x0000000080d00000| Untracked 
|  14|0x0000000080e00000, 0x0000000080f00000, 0x0000000080f00000|100%| O|  |TAMS 0x0000000080f00000, 0x0000000080e00000| Untracked 
|  15|0x0000000080f00000, 0x0000000081000000, 0x0000000081000000|100%| O|  |TAMS 0x0000000081000000, 0x0000000080f00000| Untracked 
|  16|0x0000000081000000, 0x0000000081100000, 0x0000000081100000|100%| O|  |TAMS 0x0000000081100000, 0x0000000081000000| Untracked 
|  17|0x0000000081100000, 0x00000000811cde00, 0x0000000081200000| 80%| O|  |TAMS 0x00000000811cde00, 0x0000000081100000| Untracked 
|  18|0x0000000081200000, 0x0000000081300000, 0x0000000081300000|100%| O|  |TAMS 0x0000000081300000, 0x0000000081200000| Untracked 
|  19|0x0000000081300000, 0x0000000081400000, 0x0000000081400000|100%| O|  |TAMS 0x0000000081400000, 0x0000000081300000| Untracked 
|  20|0x0000000081400000, 0x0000000081500000, 0x0000000081500000|100%| O|  |TAMS 0x0000000081500000, 0x0000000081400000| Untracked 
|  21|0x0000000081500000, 0x0000000081600000, 0x0000000081600000|100%| O|  |TAMS 0x0000000081600000, 0x0000000081500000| Untracked 
|  22|0x0000000081600000, 0x0000000081700000, 0x0000000081700000|100%| O|  |TAMS 0x0000000081700000, 0x0000000081600000| Untracked 
|  23|0x0000000081700000, 0x0000000081800000, 0x0000000081800000|100%| O|  |TAMS 0x0000000081800000, 0x0000000081700000| Untracked 
|  24|0x0000000081800000, 0x0000000081900000, 0x0000000081900000|100%| O|  |TAMS 0x0000000081900000, 0x0000000081800000| Untracked 
|  25|0x0000000081900000, 0x0000000081a00000, 0x0000000081a00000|100%| O|  |TAMS 0x0000000081a00000, 0x0000000081900000| Untracked 
|  26|0x0000000081a00000, 0x0000000081b00000, 0x0000000081b00000|100%| O|  |TAMS 0x0000000081b00000, 0x0000000081a00000| Untracked 
|  27|0x0000000081b00000, 0x0000000081c00000, 0x0000000081c00000|100%|HS|  |TAMS 0x0000000081c00000, 0x0000000081b00000| Complete 
|  28|0x0000000081c00000, 0x0000000081d00000, 0x0000000081d00000|100%| O|  |TAMS 0x0000000081d00000, 0x0000000081c00000| Untracked 
|  29|0x0000000081d00000, 0x0000000081e00000, 0x0000000081e00000|100%| O|  |TAMS 0x0000000081e00000, 0x0000000081d00000| Untracked 
|  30|0x0000000081e00000, 0x0000000081f00000, 0x0000000081f00000|100%| O|  |TAMS 0x0000000081f00000, 0x0000000081e00000| Untracked 
|  31|0x0000000081f00000, 0x0000000082000000, 0x0000000082000000|100%| O|  |TAMS 0x0000000082000000, 0x0000000081f00000| Untracked 
|  32|0x0000000082000000, 0x0000000082100000, 0x0000000082100000|100%| O|  |TAMS 0x0000000082100000, 0x0000000082000000| Untracked 
|  33|0x0000000082100000, 0x0000000082200000, 0x0000000082200000|100%|HS|  |TAMS 0x0000000082200000, 0x0000000082100000| Complete 
|  34|0x0000000082200000, 0x0000000082300000, 0x0000000082300000|100%|HC|  |TAMS 0x0000000082300000, 0x0000000082200000| Complete 
|  35|0x0000000082300000, 0x0000000082400000, 0x0000000082400000|100%|HC|  |TAMS 0x0000000082400000, 0x0000000082300000| Complete 
|  36|0x0000000082400000, 0x0000000082500000, 0x0000000082500000|100%| O|  |TAMS 0x00000000824af000, 0x0000000082400000| Untracked 
|  37|0x0000000082500000, 0x0000000082600000, 0x0000000082600000|100%| O|  |TAMS 0x0000000082500000, 0x0000000082500000| Untracked 
|  38|0x0000000082600000, 0x0000000082700000, 0x0000000082700000|100%| O|  |TAMS 0x0000000082600000, 0x0000000082600000| Untracked 
|  39|0x0000000082700000, 0x0000000082800000, 0x0000000082800000|100%| O|  |TAMS 0x0000000082700000, 0x0000000082700000| Untracked 
|  40|0x0000000082800000, 0x000000008289ae00, 0x0000000082900000| 60%| O|  |TAMS 0x0000000082800000, 0x0000000082800000| Untracked 
|  41|0x0000000082900000, 0x0000000082900000, 0x0000000082a00000|  0%| F|  |TAMS 0x0000000082900000, 0x0000000082900000| Untracked 
|  42|0x0000000082a00000, 0x0000000082a00000, 0x0000000082b00000|  0%| F|  |TAMS 0x0000000082a00000, 0x0000000082a00000| Untracked 
|  43|0x0000000082b00000, 0x0000000082b00000, 0x0000000082c00000|  0%| F|  |TAMS 0x0000000082b00000, 0x0000000082b00000| Untracked 
|  44|0x0000000082c00000, 0x0000000082c00000, 0x0000000082d00000|  0%| F|  |TAMS 0x0000000082c00000, 0x0000000082c00000| Untracked 
|  45|0x0000000082d00000, 0x0000000082d00000, 0x0000000082e00000|  0%| F|  |TAMS 0x0000000082d00000, 0x0000000082d00000| Untracked 
|  46|0x0000000082e00000, 0x0000000082e00000, 0x0000000082f00000|  0%| F|  |TAMS 0x0000000082e00000, 0x0000000082e00000| Untracked 
|  47|0x0000000082f00000, 0x0000000082f00000, 0x0000000083000000|  0%| F|  |TAMS 0x0000000082f00000, 0x0000000082f00000| Untracked 
|  48|0x0000000083000000, 0x0000000083000000, 0x0000000083100000|  0%| F|  |TAMS 0x0000000083000000, 0x0000000083000000| Untracked 
|  49|0x0000000083100000, 0x0000000083100000, 0x0000000083200000|  0%| F|  |TAMS 0x0000000083100000, 0x0000000083100000| Untracked 
|  50|0x0000000083200000, 0x0000000083200000, 0x0000000083300000|  0%| F|  |TAMS 0x0000000083200000, 0x0000000083200000| Untracked 
|  51|0x0000000083300000, 0x0000000083300000, 0x0000000083400000|  0%| F|  |TAMS 0x0000000083300000, 0x0000000083300000| Untracked 
|  52|0x0000000083400000, 0x000000008343f480, 0x0000000083500000| 24%| S|CS|TAMS 0x0000000083400000, 0x0000000083400000| Complete 
|  53|0x0000000083500000, 0x0000000083600000, 0x0000000083600000|100%| S|CS|TAMS 0x0000000083500000, 0x0000000083500000| Complete 
|  54|0x0000000083600000, 0x0000000083600000, 0x0000000083700000|  0%| F|  |TAMS 0x0000000083600000, 0x0000000083600000| Untracked 
|  55|0x0000000083700000, 0x0000000083700000, 0x0000000083800000|  0%| F|  |TAMS 0x0000000083700000, 0x0000000083700000| Untracked 
|  56|0x0000000083800000, 0x0000000083800000, 0x0000000083900000|  0%| F|  |TAMS 0x0000000083800000, 0x0000000083800000| Untracked 
|  57|0x0000000083900000, 0x000000008395d0c8, 0x0000000083a00000| 36%| E|  |TAMS 0x0000000083900000, 0x0000000083900000| Complete 
|  58|0x0000000083a00000, 0x0000000083b00000, 0x0000000083b00000|100%| E|CS|TAMS 0x0000000083a00000, 0x0000000083a00000| Complete 
|  59|0x0000000083b00000, 0x0000000083c00000, 0x0000000083c00000|100%| E|CS|TAMS 0x0000000083b00000, 0x0000000083b00000| Complete 
|  60|0x0000000083c00000, 0x0000000083d00000, 0x0000000083d00000|100%| E|CS|TAMS 0x0000000083c00000, 0x0000000083c00000| Complete 
|  61|0x0000000083d00000, 0x0000000083e00000, 0x0000000083e00000|100%| E|CS|TAMS 0x0000000083d00000, 0x0000000083d00000| Complete 
|  62|0x0000000083e00000, 0x0000000083f00000, 0x0000000083f00000|100%| E|CS|TAMS 0x0000000083e00000, 0x0000000083e00000| Complete 
|  63|0x0000000083f00000, 0x0000000084000000, 0x0000000084000000|100%| E|CS|TAMS 0x0000000083f00000, 0x0000000083f00000| Complete 
|  64|0x0000000084000000, 0x0000000084100000, 0x0000000084100000|100%| E|CS|TAMS 0x0000000084000000, 0x0000000084000000| Complete 
|  65|0x0000000084100000, 0x0000000084200000, 0x0000000084200000|100%| E|CS|TAMS 0x0000000084100000, 0x0000000084100000| Complete 
|  66|0x0000000084200000, 0x0000000084300000, 0x0000000084300000|100%| E|CS|TAMS 0x0000000084200000, 0x0000000084200000| Complete 
|  67|0x0000000084300000, 0x0000000084400000, 0x0000000084400000|100%| E|CS|TAMS 0x0000000084300000, 0x0000000084300000| Complete 
|  68|0x0000000084400000, 0x0000000084500000, 0x0000000084500000|100%| E|CS|TAMS 0x0000000084400000, 0x0000000084400000| Complete 
|  69|0x0000000084500000, 0x0000000084600000, 0x0000000084600000|100%| E|CS|TAMS 0x0000000084500000, 0x0000000084500000| Complete 
|  70|0x0000000084600000, 0x0000000084700000, 0x0000000084700000|100%| E|CS|TAMS 0x0000000084600000, 0x0000000084600000| Complete 
|  91|0x0000000085b00000, 0x0000000085c00000, 0x0000000085c00000|100%| E|CS|TAMS 0x0000000085b00000, 0x0000000085b00000| Complete 
|  92|0x0000000085c00000, 0x0000000085d00000, 0x0000000085d00000|100%| E|CS|TAMS 0x0000000085c00000, 0x0000000085c00000| Complete 
|  93|0x0000000085d00000, 0x0000000085e00000, 0x0000000085e00000|100%| E|CS|TAMS 0x0000000085d00000, 0x0000000085d00000| Complete 
| 125|0x0000000087d00000, 0x0000000087e00000, 0x0000000087e00000|100%| E|CS|TAMS 0x0000000087d00000, 0x0000000087d00000| Complete 

Card table byte_map: [0x00000234d66f0000,0x00000234d6af0000] _byte_map_base: 0x00000234d62f0000

Marking Bits (Prev, Next): (CMBitMap*) 0x00000234bedd3ba0, (CMBitMap*) 0x00000234bedd3be0
 Prev Bits: [0x00000234d6ef0000, 0x00000234d8ef0000)
 Next Bits: [0x00000234d8ef0000, 0x00000234daef0000)

Polling page: 0x00000234be560000

Metaspace:

Usage:
  Non-class:     42.95 MB capacity,    42.46 MB ( 99%) used,   423.86 KB ( <1%) free+waste,    81.38 KB ( <1%) overhead. 
      Class:      6.98 MB capacity,     6.69 MB ( 96%) used,   258.34 KB (  4%) free+waste,    33.88 KB ( <1%) overhead. 
       Both:     49.93 MB capacity,    49.15 MB ( 98%) used,   682.20 KB (  1%) free+waste,   115.25 KB ( <1%) overhead. 

Virtual space:
  Non-class space:       44.00 MB reserved,      43.17 MB ( 98%) committed 
      Class space:      504.00 MB reserved,       7.00 MB (  1%) committed 
             Both:      548.00 MB reserved,      50.17 MB (  9%) committed 

Chunk freelists:
   Non-Class:  36.00 KB
       Class:  22.00 KB
        Both:  58.00 KB

MaxMetaspaceSize: 512.00 MB
CompressedClassSpaceSize: 504.00 MB

CodeHeap 'non-profiled nmethods': size=120000Kb used=2634Kb max_used=3530Kb free=117365Kb
 bounds [0x00000234cea90000, 0x00000234cee10000, 0x00000234d5fc0000]
CodeHeap 'profiled nmethods': size=120000Kb used=9342Kb max_used=10896Kb free=110657Kb
 bounds [0x00000234c7560000, 0x00000234c8010000, 0x00000234cea90000]
CodeHeap 'non-nmethods': size=5760Kb used=2353Kb max_used=2426Kb free=3406Kb
 bounds [0x00000234c6fc0000, 0x00000234c7230000, 0x00000234c7560000]
 total_blobs=5691 nmethods=4851 adapters=752
 compilation: enabled
              stopped_count=0, restarted_count=0
 full_count=0

Compilation events (20 events):
Event: 27.760 Thread 0x00000234dd934f70 5692       3       kotlin.jvm.internal.Lambda::<init> (10 bytes)
Event: 27.760 Thread 0x00000234dd934f70 nmethod 5692 0x00000234c787c410 code [0x00000234c787c5a0, 0x00000234c787c6f8]
Event: 27.784 Thread 0x00000234dd934f70 5693       3       kotlin.reflect.jvm.internal.pcollections.IntTree::get (60 bytes)
Event: 27.785 Thread 0x00000234dd934f70 nmethod 5693 0x00000234c7937590 code [0x00000234c7937760, 0x00000234c79379d8]
Event: 27.820 Thread 0x00000234dd934f70 5694       3       kotlin.reflect.jvm.internal.impl.name.Name::asString (13 bytes)
Event: 27.820 Thread 0x00000234dd934f70 nmethod 5694 0x00000234c772cc90 code [0x00000234c772ce40, 0x00000234c772cfc8]
Event: 27.822 Thread 0x00000234dd934f70 5695       3       kotlin.reflect.jvm.internal.impl.name.FqNameUnsafe::isRoot (8 bytes)
Event: 27.823 Thread 0x00000234dd934f70 nmethod 5695 0x00000234c7bb1e10 code [0x00000234c7bb1fc0, 0x00000234c7bb2198]
Event: 27.823 Thread 0x00000234dd934f70 5696       3       kotlin.reflect.jvm.internal.impl.name.FqNameUnsafe::hashCode (8 bytes)
Event: 27.823 Thread 0x00000234dd934f70 nmethod 5696 0x00000234c7885190 code [0x00000234c7885340, 0x00000234c7885468]
Event: 27.824 Thread 0x00000234dd934f70 5697       3       kotlin.reflect.jvm.internal.impl.name.FqNameUnsafe::<init> (28 bytes)
Event: 27.824 Thread 0x00000234dd934f70 nmethod 5697 0x00000234c770ae90 code [0x00000234c770b040, 0x00000234c770b348]
Event: 27.824 Thread 0x00000234dd934f70 5698       3       kotlin.reflect.jvm.internal.impl.name.FqName::toUnsafe (13 bytes)
Event: 27.824 Thread 0x00000234dd934f70 nmethod 5698 0x00000234c793c390 code [0x00000234c793c540, 0x00000234c793c6c8]
Event: 27.825 Thread 0x00000234dd934f70 5699       3       kotlin.reflect.jvm.internal.impl.name.Name::<init> (23 bytes)
Event: 27.825 Thread 0x00000234dd934f70 nmethod 5699 0x00000234c7744a10 code [0x00000234c7744bc0, 0x00000234c7744e08]
Event: 27.825 Thread 0x00000234dd934f70 5700       3       kotlin.reflect.jvm.internal.impl.name.FqName::asString (16 bytes)
Event: 27.825 Thread 0x00000234dd934f70 nmethod 5700 0x00000234c795b410 code [0x00000234c795b5c0, 0x00000234c795b818]
Event: 27.825 Thread 0x00000234dd934f70 5701       3       kotlin.reflect.jvm.internal.impl.name.FqNameUnsafe::asString (13 bytes)
Event: 27.826 Thread 0x00000234dd934f70 nmethod 5701 0x00000234c7744610 code [0x00000234c77447c0, 0x00000234c7744948]

GC Heap History (20 events):
Event: 8.916 GC heap before
{Heap before GC invocations=3 (full 0):
 garbage-first heap   total 129024K, used 50147K [0x0000000080000000, 0x0000000100000000)
  region size 1024K, 41 young (41984K), 9 survivors (9216K)
 Metaspace       used 20831K, capacity 21150K, committed 21296K, reserved 534528K
  class space    used 2985K, capacity 3121K, committed 3200K, reserved 516096K
}
Event: 8.925 GC heap after
{Heap after GC invocations=4 (full 0):
 garbage-first heap   total 129024K, used 20598K [0x0000000080000000, 0x0000000100000000)
  region size 1024K, 3 young (3072K), 3 survivors (3072K)
 Metaspace       used 20831K, capacity 21150K, committed 21296K, reserved 534528K
  class space    used 2985K, capacity 3121K, committed 3200K, reserved 516096K
}
Event: 10.553 GC heap before
{Heap before GC invocations=5 (full 0):
 garbage-first heap   total 75776K, used 61558K [0x0000000080000000, 0x0000000100000000)
  region size 1024K, 44 young (45056K), 3 survivors (3072K)
 Metaspace       used 29013K, capacity 29477K, committed 29744K, reserved 542720K
  class space    used 3968K, capacity 4106K, committed 4224K, reserved 516096K
}
Event: 10.561 GC heap after
{Heap after GC invocations=6 (full 0):
 garbage-first heap   total 75776K, used 24354K [0x0000000080000000, 0x0000000100000000)
  region size 1024K, 6 young (6144K), 6 survivors (6144K)
 Metaspace       used 29013K, capacity 29477K, committed 29744K, reserved 542720K
  class space    used 3968K, capacity 4106K, committed 4224K, reserved 516096K
}
Event: 11.290 GC heap before
{Heap before GC invocations=6 (full 0):
 garbage-first heap   total 75776K, used 58146K [0x0000000080000000, 0x0000000100000000)
  region size 1024K, 37 young (37888K), 6 survivors (6144K)
 Metaspace       used 31707K, capacity 32259K, committed 32560K, reserved 544768K
  class space    used 4248K, capacity 4411K, committed 4480K, reserved 516096K
}
Event: 11.299 GC heap after
{Heap after GC invocations=7 (full 0):
 garbage-first heap   total 75776K, used 26442K [0x0000000080000000, 0x0000000100000000)
  region size 1024K, 3 young (3072K), 3 survivors (3072K)
 Metaspace       used 31707K, capacity 32259K, committed 32560K, reserved 544768K
  class space    used 4248K, capacity 4411K, committed 4480K, reserved 516096K
}
Event: 23.295 GC heap before
{Heap before GC invocations=7 (full 0):
 garbage-first heap   total 75776K, used 56138K [0x0000000080000000, 0x0000000100000000)
  region size 1024K, 32 young (32768K), 3 survivors (3072K)
 Metaspace       used 32744K, capacity 33297K, committed 33456K, reserved 546816K
  class space    used 4384K, capacity 4545K, committed 4608K, reserved 516096K
}
Event: 23.301 GC heap after
{Heap after GC invocations=8 (full 0):
 garbage-first heap   total 75776K, used 29262K [0x0000000080000000, 0x0000000100000000)
  region size 1024K, 3 young (3072K), 3 survivors (3072K)
 Metaspace       used 32744K, capacity 33297K, committed 33456K, reserved 546816K
  class space    used 4384K, capacity 4545K, committed 4608K, reserved 516096K
}
Event: 24.427 GC heap before
{Heap before GC invocations=8 (full 0):
 garbage-first heap   total 75776K, used 52814K [0x0000000080000000, 0x0000000100000000)
  region size 1024K, 27 young (27648K), 3 survivors (3072K)
 Metaspace       used 35082K, capacity 35712K, committed 35888K, reserved 548864K
  class space    used 4624K, capacity 4872K, committed 4992K, reserved 516096K
}
Event: 24.431 GC heap after
{Heap after GC invocations=9 (full 0):
 garbage-first heap   total 75776K, used 30670K [0x0000000080000000, 0x0000000100000000)
  region size 1024K, 2 young (2048K), 2 survivors (2048K)
 Metaspace       used 35082K, capacity 35712K, committed 35888K, reserved 548864K
  class space    used 4624K, capacity 4872K, committed 4992K, reserved 516096K
}
Event: 25.037 GC heap before
{Heap before GC invocations=10 (full 0):
 garbage-first heap   total 75776K, used 58318K [0x0000000080000000, 0x0000000100000000)
  region size 1024K, 29 young (29696K), 2 survivors (2048K)
 Metaspace       used 38194K, capacity 38897K, committed 39216K, reserved 550912K
  class space    used 5142K, capacity 5396K, committed 5504K, reserved 516096K
}
Event: 25.041 GC heap after
{Heap after GC invocations=11 (full 0):
 garbage-first heap   total 75776K, used 32243K [0x0000000080000000, 0x0000000100000000)
  region size 1024K, 3 young (3072K), 3 survivors (3072K)
 Metaspace       used 38194K, capacity 38897K, committed 39216K, reserved 550912K
  class space    used 5142K, capacity 5396K, committed 5504K, reserved 516096K
}
Event: 25.762 GC heap before
{Heap before GC invocations=11 (full 0):
 garbage-first heap   total 75776K, used 58867K [0x0000000080000000, 0x0000000100000000)
  region size 1024K, 30 young (30720K), 3 survivors (3072K)
 Metaspace       used 41813K, capacity 42509K, committed 42800K, reserved 552960K
  class space    used 5652K, capacity 5907K, committed 6016K, reserved 516096K
}
Event: 25.768 GC heap after
{Heap after GC invocations=12 (full 0):
 garbage-first heap   total 75776K, used 33424K [0x0000000080000000, 0x0000000100000000)
  region size 1024K, 3 young (3072K), 3 survivors (3072K)
 Metaspace       used 41813K, capacity 42509K, committed 42800K, reserved 552960K
  class space    used 5652K, capacity 5907K, committed 6016K, reserved 516096K
}
Event: 26.166 GC heap before
{Heap before GC invocations=12 (full 0):
 garbage-first heap   total 75776K, used 45712K [0x0000000080000000, 0x0000000100000000)
  region size 1024K, 15 young (15360K), 3 survivors (3072K)
 Metaspace       used 42453K, capacity 43205K, committed 43312K, reserved 555008K
  class space    used 5731K, capacity 6011K, committed 6016K, reserved 516096K
}
Event: 26.170 GC heap after
{Heap after GC invocations=13 (full 0):
 garbage-first heap   total 75776K, used 35952K [0x0000000080000000, 0x0000000100000000)
  region size 1024K, 3 young (3072K), 3 survivors (3072K)
 Metaspace       used 42453K, capacity 43205K, committed 43312K, reserved 555008K
  class space    used 5731K, capacity 6011K, committed 6016K, reserved 516096K
}
Event: 26.838 GC heap before
{Heap before GC invocations=14 (full 0):
 garbage-first heap   total 75776K, used 63600K [0x0000000080000000, 0x0000000100000000)
  region size 1024K, 27 young (27648K), 3 survivors (3072K)
 Metaspace       used 46004K, capacity 46709K, committed 46896K, reserved 557056K
  class space    used 6225K, capacity 6513K, committed 6528K, reserved 516096K
}
Event: 26.842 GC heap after
{Heap after GC invocations=15 (full 0):
 garbage-first heap   total 75776K, used 41402K [0x0000000080000000, 0x0000000100000000)
  region size 1024K, 4 young (4096K), 4 survivors (4096K)
 Metaspace       used 46004K, capacity 46709K, committed 46896K, reserved 557056K
  class space    used 6225K, capacity 6513K, committed 6528K, reserved 516096K
}
Event: 27.348 GC heap before
{Heap before GC invocations=15 (full 0):
 garbage-first heap   total 75776K, used 61882K [0x0000000080000000, 0x0000000100000000)
  region size 1024K, 24 young (24576K), 4 survivors (4096K)
 Metaspace       used 48254K, capacity 49033K, committed 49328K, reserved 559104K
  class space    used 6558K, capacity 6854K, committed 6912K, reserved 516096K
}
Event: 27.353 GC heap after
{Heap after GC invocations=16 (full 0):
 garbage-first heap   total 75776K, used 42656K [0x0000000080000000, 0x0000000100000000)
  region size 1024K, 2 young (2048K), 2 survivors (2048K)
 Metaspace       used 48254K, capacity 49033K, committed 49328K, reserved 559104K
  class space    used 6558K, capacity 6854K, committed 6912K, reserved 516096K
}

Deoptimization events (20 events):
Event: 27.221 Thread 0x00000234e0328080 DEOPT PACKING pc=0x00000234cedbf7cc sp=0x0000008c11bf6d20
Event: 27.221 Thread 0x00000234e0328080 DEOPT UNPACKING pc=0x00000234c700e42f sp=0x0000008c11bf6d10 mode 2
Event: 27.359 Thread 0x00000234e0328080 Uncommon trap: trap_request=0xffffff45 fr.pc=0x00000234ced9183c relative=0x00000000000013fc
Event: 27.359 Thread 0x00000234e0328080 Uncommon trap: reason=unstable_if action=reinterpret pc=0x00000234ced9183c method=java.util.concurrent.ConcurrentHashMap.putVal(Ljava/lang/Object;Ljava/lang/Object;Z)Ljava/lang/Object; @ 245 c2
Event: 27.359 Thread 0x00000234e0328080 DEOPT PACKING pc=0x00000234ced9183c sp=0x0000008c11bf62a0
Event: 27.359 Thread 0x00000234e0328080 DEOPT UNPACKING pc=0x00000234c700e42f sp=0x0000008c11bf6218 mode 2
Event: 27.485 Thread 0x00000234e0328080 Uncommon trap: trap_request=0xffffff45 fr.pc=0x00000234cedb17fc relative=0x00000000000002bc
Event: 27.485 Thread 0x00000234e0328080 Uncommon trap: reason=unstable_if action=reinterpret pc=0x00000234cedb17fc method=org.gradle.internal.instantiation.generator.AbstractClassGenerator$InjectionAnnotationValidator.validateMethod(Ljava/lang/reflect/Method;Lorg/gradle/internal/reflect/Propert
Event: 27.485 Thread 0x00000234e0328080 DEOPT PACKING pc=0x00000234cedb17fc sp=0x0000008c11bf6420
Event: 27.485 Thread 0x00000234e0328080 DEOPT UNPACKING pc=0x00000234c700e42f sp=0x0000008c11bf63d0 mode 2
Event: 27.485 Thread 0x00000234e0328080 Uncommon trap: trap_request=0xffffff45 fr.pc=0x00000234cede2c24 relative=0x0000000000000424
Event: 27.485 Thread 0x00000234e0328080 Uncommon trap: reason=unstable_if action=reinterpret pc=0x00000234cede2c24 method=org.gradle.internal.instantiation.generator.AbstractClassGenerator$InjectionAnnotationValidator.validateMethod(Ljava/lang/reflect/Method;Lorg/gradle/internal/reflect/Propert
Event: 27.485 Thread 0x00000234e0328080 DEOPT PACKING pc=0x00000234cede2c24 sp=0x0000008c11bf6350
Event: 27.485 Thread 0x00000234e0328080 DEOPT UNPACKING pc=0x00000234c700e42f sp=0x0000008c11bf6320 mode 2
Event: 27.721 Thread 0x00000234e0328080 DEOPT PACKING pc=0x00000234c7e5ae59 sp=0x0000008c11bf7fd0
Event: 27.721 Thread 0x00000234e0328080 DEOPT UNPACKING pc=0x00000234c700e23f sp=0x0000008c11bf74c8 mode 0
Event: 27.836 Thread 0x00000234e0328080 Uncommon trap: trap_request=0xffffff54 fr.pc=0x00000234cec70b6c relative=0x000000000000090c
Event: 27.836 Thread 0x00000234e0328080 Uncommon trap: reason=speculate_null_assert action=make_not_entrant pc=0x00000234cec70b6c method=java.util.jar.JarFile.getVersionedEntry(Ljava/lang/String;Ljava/util/jar/JarEntry;)Ljava/util/jar/JarEntry; @ 114 c2
Event: 27.836 Thread 0x00000234e0328080 DEOPT PACKING pc=0x00000234cec70b6c sp=0x0000008c11bf7250
Event: 27.836 Thread 0x00000234e0328080 DEOPT UNPACKING pc=0x00000234c700e42f sp=0x0000008c11bf7218 mode 2

Classes unloaded (0 events):
No events

Classes redefined (0 events):
No events

Internal exceptions (20 events):
Event: 27.291 Thread 0x00000234e0328080 Exception <a 'java/lang/ClassNotFoundException'{0x00000000839fd900}: org/gradle/api/plugins/BasePluginConventionBeanInfo> (0x00000000839fd900) 
thrown [./open/src/hotspot/share/classfile/systemDictionary.cpp, line 295]
Event: 27.293 Thread 0x00000234e0328080 Exception <a 'java/lang/ClassNotFoundException'{0x0000000083816f50}: org/gradle/api/plugins/BasePluginConventionCustomizer> (0x0000000083816f50) 
thrown [./open/src/hotspot/share/classfile/systemDictionary.cpp, line 295]
Event: 27.294 Thread 0x00000234e0328080 Exception <a 'java/lang/ClassNotFoundException'{0x000000008383a2f0}: org/gradle/api/plugins/internal/DefaultBasePluginConventionCustomizer> (0x000000008383a2f0) 
thrown [./open/src/hotspot/share/classfile/systemDictionary.cpp, line 295]
Event: 27.298 Thread 0x00000234e0328080 Exception <a 'java/lang/ClassNotFoundException'{0x0000000083889408}: org/gradle/api/plugins/internal/DefaultJavaPluginConventionBeanInfo> (0x0000000083889408) 
thrown [./open/src/hotspot/share/classfile/systemDictionary.cpp, line 295]
Event: 27.299 Thread 0x00000234e0328080 Exception <a 'java/lang/ClassNotFoundException'{0x00000000838a2d48}: org/gradle/api/plugins/JavaPluginConventionBeanInfo> (0x00000000838a2d48) 
thrown [./open/src/hotspot/share/classfile/systemDictionary.cpp, line 295]
Event: 27.300 Thread 0x00000234e0328080 Exception <a 'java/lang/ClassNotFoundException'{0x00000000838bbe58}: org/gradle/api/plugins/JavaPluginConventionCustomizer> (0x00000000838bbe58) 
thrown [./open/src/hotspot/share/classfile/systemDictionary.cpp, line 295]
Event: 27.302 Thread 0x00000234e0328080 Exception <a 'java/lang/ClassNotFoundException'{0x00000000838e90b8}: org/gradle/api/plugins/internal/DefaultJavaPluginConventionCustomizer> (0x00000000838e90b8) 
thrown [./open/src/hotspot/share/classfile/systemDictionary.cpp, line 295]
Event: 27.441 Thread 0x00000234e0328080 Exception <a 'java/lang/NoSuchMethodError'{0x0000000085bb3470}: 'int java.lang.invoke.DirectMethodHandle$Holder.invokeInterface(java.lang.Object, java.lang.Object, java.lang.Object, java.lang.Object)'> (0x0000000085bb3470) 
thrown [./open/src/hotspot/share/interpreter/linkResolver.cpp, line 782]
Event: 27.608 Thread 0x00000234e0328080 Exception <a 'java/lang/ClassNotFoundException'{0x00000000842e4280}: org/jetbrains/kotlin/gradle/targets/js/npm/DefaultNpmDependencyExtensionBeanInfo> (0x00000000842e4280) 
thrown [./open/src/hotspot/share/classfile/systemDictionary.cpp, line 295]
Event: 27.609 Thread 0x00000234e0328080 Exception <a 'java/lang/ClassNotFoundException'{0x00000000842ee130}: org/jetbrains/kotlin/gradle/targets/js/npm/DefaultNpmDependencyExtensionCustomizer> (0x00000000842ee130) 
thrown [./open/src/hotspot/share/classfile/systemDictionary.cpp, line 295]
Event: 27.622 Thread 0x00000234e0328080 Exception <a 'java/lang/ClassNotFoundException'{0x000000008415c5a0}: org/jetbrains/kotlin/gradle/targets/js/npm/NpmDependencyExtensionKt$defaultNpmDependencyDelegate$1BeanInfo> (0x000000008415c5a0) 
thrown [./open/src/hotspot/share/classfile/systemDictionary.cpp, line 295]
Event: 27.623 Thread 0x00000234e0328080 Exception <a 'java/lang/ClassNotFoundException'{0x0000000084167488}: org/jetbrains/kotlin/gradle/targets/js/npm/NpmDependencyExtensionDelegateBeanInfo> (0x0000000084167488) 
thrown [./open/src/hotspot/share/classfile/systemDictionary.cpp, line 295]
Event: 27.623 Thread 0x00000234e0328080 Exception <a 'java/lang/ClassNotFoundException'{0x00000000841725e0}: org/jetbrains/kotlin/gradle/targets/js/npm/NpmDependencyExtensionDelegateCustomizer> (0x00000000841725e0) 
thrown [./open/src/hotspot/share/classfile/systemDictionary.cpp, line 295]
Event: 27.625 Thread 0x00000234e0328080 Exception <a 'java/lang/ClassNotFoundException'{0x0000000084194b78}: org/jetbrains/kotlin/gradle/targets/js/npm/NpmDependencyExtensionKt$defaultNpmDependencyDelegate$1Customizer> (0x0000000084194b78) 
thrown [./open/src/hotspot/share/classfile/systemDictionary.cpp, line 295]
Event: 27.632 Thread 0x00000234e0328080 Exception <a 'java/lang/ClassNotFoundException'{0x00000000841caa80}: org/jetbrains/kotlin/gradle/targets/js/npm/DefaultDevNpmDependencyExtensionBeanInfo> (0x00000000841caa80) 
thrown [./open/src/hotspot/share/classfile/systemDictionary.cpp, line 295]
Event: 27.632 Thread 0x00000234e0328080 Exception <a 'java/lang/ClassNotFoundException'{0x00000000841d4948}: org/jetbrains/kotlin/gradle/targets/js/npm/DefaultDevNpmDependencyExtensionCustomizer> (0x00000000841d4948) 
thrown [./open/src/hotspot/share/classfile/systemDictionary.cpp, line 295]
Event: 27.642 Thread 0x00000234e0328080 Exception <a 'java/lang/ClassNotFoundException'{0x000000008400df50}: org/jetbrains/kotlin/gradle/targets/js/npm/DefaultPeerNpmDependencyExtensionBeanInfo> (0x000000008400df50) 
thrown [./open/src/hotspot/share/classfile/systemDictionary.cpp, line 295]
Event: 27.642 Thread 0x00000234e0328080 Exception <a 'java/lang/ClassNotFoundException'{0x0000000084017e28}: org/jetbrains/kotlin/gradle/targets/js/npm/DefaultPeerNpmDependencyExtensionCustomizer> (0x0000000084017e28) 
thrown [./open/src/hotspot/share/classfile/systemDictionary.cpp, line 295]
Event: 27.646 Thread 0x00000234e0328080 Exception <a 'java/lang/ClassNotFoundException'{0x00000000840584b0}: org/jetbrains/kotlin/gradle/targets/js/npm/DefaultPeerNpmDependencyExtension$delegate$1BeanInfo> (0x00000000840584b0) 
thrown [./open/src/hotspot/share/classfile/systemDictionary.cpp, line 295]
Event: 27.647 Thread 0x00000234e0328080 Exception <a 'java/lang/ClassNotFoundException'{0x0000000084062998}: org/jetbrains/kotlin/gradle/targets/js/npm/DefaultPeerNpmDependencyExtension$delegate$1Customizer> (0x0000000084062998) 
thrown [./open/src/hotspot/share/classfile/systemDictionary.cpp, line 295]

Events (20 events):
Event: 27.322 Thread 0x00000234dd936880 flushing nmethod 0x00000234c7e12590
Event: 27.322 Thread 0x00000234dd936880 flushing nmethod 0x00000234c7e13f90
Event: 27.322 Thread 0x00000234dd936880 flushing nmethod 0x00000234c7e15e10
Event: 27.322 Thread 0x00000234dd936880 flushing nmethod 0x00000234c7e1b210
Event: 27.322 Thread 0x00000234dd936880 flushing nmethod 0x00000234c7e1cb90
Event: 27.322 Thread 0x00000234dd936880 flushing nmethod 0x00000234c7e5b390
Event: 27.323 Thread 0x00000234dd936880 flushing nmethod 0x00000234c7ed7310
Event: 27.323 Thread 0x00000234dd936880 flushing nmethod 0x00000234c7f19d90
Event: 27.323 Thread 0x00000234dd936880 flushing nmethod 0x00000234c7f6e310
Event: 27.323 Thread 0x00000234dd936880 flushing nmethod 0x00000234c7f7d210
Event: 27.348 Executing VM operation: G1CollectForAllocation
Event: 27.353 Executing VM operation: G1CollectForAllocation done
Event: 27.400 Executing VM operation: G1Concurrent
Event: 27.402 Executing VM operation: G1Concurrent done
Event: 27.402 Executing VM operation: HandshakeAllThreads
Event: 27.402 Executing VM operation: HandshakeAllThreads done
Event: 27.432 Executing VM operation: G1Concurrent
Event: 27.432 Executing VM operation: G1Concurrent done
Event: 27.441 Executing VM operation: HandshakeAllThreads
Event: 27.441 Executing VM operation: HandshakeAllThreads done


Dynamic libraries:
0x00007ff717be0000 - 0x00007ff717bef000 	C:\Program Files\Java\jdk-15.0.1\bin\java.exe
0x00007ffe607f0000 - 0x00007ffe60a04000 	C:\WINDOWS\SYSTEM32\ntdll.dll
0x00007ffe60210000 - 0x00007ffe602d3000 	C:\WINDOWS\System32\KERNEL32.DLL
0x00007ffe5dfb0000 - 0x00007ffe5e34c000 	C:\WINDOWS\System32\KERNELBASE.dll
0x00007ffe5ddd0000 - 0x00007ffe5dee1000 	C:\WINDOWS\System32\ucrtbase.dll
0x00007ffe29e00000 - 0x00007ffe29e19000 	C:\Program Files\Java\jdk-15.0.1\bin\VCRUNTIME140.dll
0x00007ffe361f0000 - 0x00007ffe36208000 	C:\Program Files\Java\jdk-15.0.1\bin\jli.dll
0x00007ffe5ebc0000 - 0x00007ffe5ec6e000 	C:\WINDOWS\System32\ADVAPI32.dll
0x00007ffe5ffa0000 - 0x00007ffe60047000 	C:\WINDOWS\System32\msvcrt.dll
0x00007ffe60570000 - 0x00007ffe60614000 	C:\WINDOWS\System32\sechost.dll
0x00007ffe60690000 - 0x00007ffe607a5000 	C:\WINDOWS\System32\RPCRT4.dll
0x00007ffe60050000 - 0x00007ffe601fd000 	C:\WINDOWS\System32\USER32.dll
0x00007ffe5dc30000 - 0x00007ffe5dc56000 	C:\WINDOWS\System32\win32u.dll
0x00007ffe40140000 - 0x00007ffe403ce000 	C:\WINDOWS\WinSxS\amd64_microsoft.windows.common-controls_6595b64144ccf1df_6.0.22621.608_none_a9444ca7c10bb01d\COMCTL32.dll
0x00007ffe60500000 - 0x00007ffe60529000 	C:\WINDOWS\System32\GDI32.dll
0x00007ffe5e350000 - 0x00007ffe5e462000 	C:\WINDOWS\System32\gdi32full.dll
0x00007ffe5e560000 - 0x00007ffe5e5fa000 	C:\WINDOWS\System32\msvcp_win.dll
0x00007ffe56b70000 - 0x00007ffe56b7a000 	C:\WINDOWS\SYSTEM32\VERSION.dll
0x00007ffe60530000 - 0x00007ffe60562000 	C:\WINDOWS\System32\IMM32.DLL
0x00007ffe3e550000 - 0x00007ffe3e55c000 	C:\Program Files\Java\jdk-15.0.1\bin\vcruntime140_1.dll
0x00007ffdeb7f0000 - 0x00007ffdeb881000 	C:\Program Files\Java\jdk-15.0.1\bin\msvcp140.dll
0x00007ffde2d70000 - 0x00007ffde38ce000 	C:\Program Files\Java\jdk-15.0.1\bin\server\jvm.dll
0x00007ffe60620000 - 0x00007ffe60628000 	C:\WINDOWS\System32\PSAPI.DLL
0x00007ffe3e3b0000 - 0x00007ffe3e3b9000 	C:\WINDOWS\SYSTEM32\WSOCK32.dll
0x00007ffe56fe0000 - 0x00007ffe57014000 	C:\WINDOWS\SYSTEM32\WINMM.dll
0x00007ffe5ed20000 - 0x00007ffe5ed91000 	C:\WINDOWS\System32\WS2_32.dll
0x00007ffe5cd70000 - 0x00007ffe5cd88000 	C:\WINDOWS\SYSTEM32\kernel.appcore.dll
0x00007ffe3e020000 - 0x00007ffe3e02a000 	C:\Program Files\Java\jdk-15.0.1\bin\jimage.dll
0x00007ffe5af60000 - 0x00007ffe5b18e000 	C:\WINDOWS\SYSTEM32\DBGHELP.DLL
0x00007ffe5f400000 - 0x00007ffe5f78a000 	C:\WINDOWS\System32\combase.dll
0x00007ffe5eda0000 - 0x00007ffe5ee77000 	C:\WINDOWS\System32\OLEAUT32.dll
0x00007ffe3f340000 - 0x00007ffe3f372000 	C:\WINDOWS\SYSTEM32\dbgcore.DLL
0x00007ffe5e470000 - 0x00007ffe5e4eb000 	C:\WINDOWS\System32\bcryptPrimitives.dll
0x00007ffe106c0000 - 0x00007ffe106e5000 	C:\Program Files\Java\jdk-15.0.1\bin\java.dll
0x00007ffe5f790000 - 0x00007ffe5ff7f000 	C:\WINDOWS\System32\SHELL32.dll
0x00007ffe5bc60000 - 0x00007ffe5c528000 	C:\WINDOWS\SYSTEM32\windows.storage.dll
0x00007ffe5bb20000 - 0x00007ffe5bc5e000 	C:\WINDOWS\SYSTEM32\wintypes.dll
0x00007ffe5f2b0000 - 0x00007ffe5f3a1000 	C:\WINDOWS\System32\SHCORE.dll
0x00007ffe5ee80000 - 0x00007ffe5eede000 	C:\WINDOWS\System32\shlwapi.dll
0x00007ffe5db60000 - 0x00007ffe5db81000 	C:\WINDOWS\SYSTEM32\profapi.dll
0x00007ffe24770000 - 0x00007ffe24789000 	C:\Program Files\Java\jdk-15.0.1\bin\net.dll
0x00007ffe57d30000 - 0x00007ffe57e5f000 	C:\WINDOWS\SYSTEM32\WINHTTP.dll
0x00007ffe5d1e0000 - 0x00007ffe5d249000 	C:\WINDOWS\system32\mswsock.dll
0x00007ffe11700000 - 0x00007ffe11712000 	C:\Program Files\Java\jdk-15.0.1\bin\nio.dll
0x00007ffe0bde0000 - 0x00007ffe0bdf8000 	C:\Program Files\Java\jdk-15.0.1\bin\zip.dll
0x00007ffe3d2c0000 - 0x00007ffe3d2d0000 	C:\Program Files\Java\jdk-15.0.1\bin\verify.dll
0x00007ffdef610000 - 0x00007ffdef637000 	C:\Users\TECH MEHAL\.gradle\native\e1d6ef7f7dcc3fd88c89a11ec53ec762bb8ba0a96d01ffa2cd45eb1d1d8dd5c5\windows-amd64\native-platform.dll
0x00007ffdea8b0000 - 0x00007ffdea9f4000 	C:\Users\TECH MEHAL\.gradle\native\0d407fdbe67a94daf76414ababcb853783967236a71b16ec16e742cd7a986fd3\windows-amd64\native-platform-file-events.dll
0x00007ffe3c7a0000 - 0x00007ffe3c7a9000 	C:\Program Files\Java\jdk-15.0.1\bin\management.dll
0x00007ffe3bc00000 - 0x00007ffe3bc0b000 	C:\Program Files\Java\jdk-15.0.1\bin\management_ext.dll
0x00007ffe5d430000 - 0x00007ffe5d44b000 	C:\WINDOWS\SYSTEM32\CRYPTSP.dll
0x00007ffe5cce0000 - 0x00007ffe5cd15000 	C:\WINDOWS\system32\rsaenh.dll
0x00007ffe5d2d0000 - 0x00007ffe5d2f8000 	C:\WINDOWS\SYSTEM32\USERENV.dll
0x00007ffe5d5f0000 - 0x00007ffe5d618000 	C:\WINDOWS\SYSTEM32\bcrypt.dll
0x00007ffe5d450000 - 0x00007ffe5d45c000 	C:\WINDOWS\SYSTEM32\CRYPTBASE.dll
0x00007ffe5c7f0000 - 0x00007ffe5c81d000 	C:\WINDOWS\SYSTEM32\IPHLPAPI.DLL
0x00007ffe5f0a0000 - 0x00007ffe5f0a9000 	C:\WINDOWS\System32\NSI.dll
0x00007ffe576e0000 - 0x00007ffe576f9000 	C:\WINDOWS\SYSTEM32\dhcpcsvc6.DLL
0x00007ffe576c0000 - 0x00007ffe576df000 	C:\WINDOWS\SYSTEM32\dhcpcsvc.DLL
0x00007ffe5c860000 - 0x00007ffe5c953000 	C:\WINDOWS\SYSTEM32\DNSAPI.dll

dbghelp: loaded successfully - version: 4.0.5 - missing functions: none
symbol engine: initialized successfully - sym options: 0x614 - pdb path: .;C:\Program Files\Java\jdk-15.0.1\bin;C:\WINDOWS\SYSTEM32;C:\WINDOWS\WinSxS\amd64_microsoft.windows.common-controls_6595b64144ccf1df_6.0.22621.608_none_a9444ca7c10bb01d;C:\Program Files\Java\jdk-15.0.1\bin\server;C:\Users\TECH MEHAL\.gradle\native\e1d6ef7f7dcc3fd88c89a11ec53ec762bb8ba0a96d01ffa2cd45eb1d1d8dd5c5\windows-amd64;C:\Users\TECH MEHAL\.gradle\native\0d407fdbe67a94daf76414ababcb853783967236a71b16ec16e742cd7a986fd3\windows-amd64

VM Arguments:
jvm_args: -XX:MaxMetaspaceSize=512m --add-opens=java.base/java.util=ALL-UNNAMED --add-opens=java.base/java.lang=ALL-UNNAMED --add-opens=java.base/java.lang.invoke=ALL-UNNAMED --add-opens=java.base/java.util=ALL-UNNAMED --add-opens=java.prefs/java.util.prefs=ALL-UNNAMED --add-opens=java.prefs/java.util.prefs=ALL-UNNAMED --add-opens=java.base/java.nio.charset=ALL-UNNAMED --add-opens=java.base/java.net=ALL-UNNAMED --add-opens=java.base/java.util.concurrent.atomic=ALL-UNNAMED -Xmx2048m -Dfile.encoding=windows-1252 -Duser.country=US -Duser.language=en -Duser.variant 
java_command: org.gradle.launcher.daemon.bootstrap.GradleDaemon 7.5.1
java_class_path (initial): C:\Users\TECH MEHAL\.gradle\wrapper\dists\gradle-7.5.1-all\1ehga6e77gqps5uk2kc5kf1vc\gradle-7.5.1\lib\gradle-launcher-7.5.1.jar
Launcher Type: SUN_STANDARD

[Global flags]
     intx CICompilerCount                          = 4                                         {product} {ergonomic}
   size_t CompressedClassSpaceSize                 = 528482304                                 {product} {ergonomic}
     uint ConcGCThreads                            = 2                                         {product} {ergonomic}
     uint G1ConcRefinementThreads                  = 8                                         {product} {ergonomic}
   size_t G1HeapRegionSize                         = 1048576                                   {product} {ergonomic}
    uintx GCDrainStackTargetSize                   = 64                                        {product} {ergonomic}
   size_t InitialHeapSize                          = 132120576                                 {product} {ergonomic}
   size_t MarkStackSize                            = 4194304                                   {product} {ergonomic}
   size_t MaxHeapSize                              = 2147483648                                {product} {command line}
   size_t MaxMetaspaceSize                         = 536870912                                 {product} {command line}
   size_t MaxNewSize                               = 1287651328                                {product} {ergonomic}
   size_t MinHeapDeltaBytes                        = 1048576                                   {product} {ergonomic}
   size_t MinHeapSize                              = 8388608                                   {product} {ergonomic}
    uintx NonNMethodCodeHeapSize                   = 5839372                                {pd product} {ergonomic}
    uintx NonProfiledCodeHeapSize                  = 122909434                              {pd product} {ergonomic}
    uintx ProfiledCodeHeapSize                     = 122909434                              {pd product} {ergonomic}
    uintx ReservedCodeCacheSize                    = 251658240                              {pd product} {ergonomic}
     bool SegmentedCodeCache                       = true                                      {product} {ergonomic}
   size_t SoftMaxHeapSize                          = 2147483648                             {manageable} {ergonomic}
     bool UseCompressedClassPointers               = true                                 {lp64_product} {ergonomic}
     bool UseCompressedOops                        = true                                 {lp64_product} {ergonomic}
     bool UseG1GC                                  = true                                      {product} {ergonomic}
     bool UseLargePagesIndividualAllocation        = false                                  {pd product} {ergonomic}

Logging:
Log output configuration:
 #0: stdout all=warning uptime,level,tags
 #1: stderr all=off uptime,level,tags

Environment Variables:
JAVA_HOME=C:\Program Files\Java\jdk-15.0.1
CLASSPATH=D:\React Native Startup\food_app\android\\gradle\wrapper\gradle-wrapper.jar
PATH=D:\React Native Startup\food_app\android\node_modules\.bin;D:\React Native Startup\food_app\node_modules\.bin;D:\React Native Startup\node_modules\.bin;D:\node_modules\.bin;C:\Program Files (x86)\nodejs;D:\React Native Startup\food_app\node_modules\.bin;D:\React Native Startup\node_modules\.bin;D:\node_modules\.bin;C:\Program Files (x86)\nodejs\node_modules\npm\node_modules\@npmcli\run-script\lib\node-gyp-bin;C:\Program Files\Common Files\Oracle\Java\javapath;C:\Python311\Scripts\;C:\Python311\;C:\WINDOWS\system32;C:\WINDOWS;C:\WINDOWS\System32\Wbem;C:\WINDOWS\System32\WindowsPowerShell\v1.0\;C:\WINDOWS\System32\OpenSSH\;C:\Program Files\PuTTY\;C:\Program Files (x86)\nodejs\;C:\ProgramData\chocolatey\bin;C:\Program Files\Git\cmd;C:\Users\TECH MEHAL\AppData\Local\Microsoft\WindowsApps;C:\Users\TECH MEHAL\AppData\Roaming\npm;C:\Users\TECH MEHAL\AppData\Local\Programs\Microsoft VS Code\bin;C:\Users\TECH MEHAL\AppData\Local\Android\Sdk\platform-tools;;D:\React Native Startup\food_app\node_modules\.bin
USERNAME=TECH MEHAL
OS=Windows_NT
PROCESSOR_IDENTIFIER=Intel64 Family 6 Model 142 Stepping 10, GenuineIntel



---------------  S Y S T E M  ---------------

OS:
 Windows 10 , 64 bit Build 22621 (10.0.22621.1194)
OS uptime: 1 days 21:10 hours

CPU: total 8 (initial active 8) (4 cores per cpu, 2 threads per core) family 6 model 142 stepping 10 microcode 0xf0, cmov, cx8, fxsr, mmx, sse, sse2, sse3, ssse3, sse4.1, sse4.2, popcnt, vzeroupper, avx, avx2, aes, clmul, erms, rtm, 3dnowpref, lzcnt, ht, tsc, tscinvbit, bmi1, bmi2, adx, fma, clflush, clflushopt

Memory: 4k page, system-wide physical 8035M (476M free)
TotalPageFile size 20274M (AvailPageFile size 4M)
current process WorkingSet (physical memory assigned to process): 280M, peak: 283M
current process commit charge ("private bytes"): 325M, peak: 330M

vm_info: Java HotSpot(TM) 64-Bit Server VM (15.0.1+9-18) for windows-amd64 JRE (15.0.1+9-18), built on Sep 15 2020 14:43:54 by "mach5one" with unknown MS VC++:1925

END.
